<?xml version="1.0" encoding="UTF-8"?>
<testng-results ignored="0" total="1" passed="1" failed="0" skipped="0">
  <reporter-output>
  </reporter-output>
  <suite started-at="2023-11-25T13:21:02 IST" name="Surefire suite" finished-at="2023-11-25T13:21:02 IST" duration-ms="58">
    <groups>
    </groups>
    <test started-at="2023-11-25T13:21:02 IST" name="Surefire test" finished-at="2023-11-25T13:21:02 IST" duration-ms="58">
      <class name="com.testing.insure_me_selenium_testing.AppTest">
        <test-method signature="shouldAnswerWithTrue()" started-at="2023-11-25T13:21:02 IST" name="shouldAnswerWithTrue" finished-at="2023-11-25T13:21:02 IST" duration-ms="6" status="PASS">
          <reporter-output>
          </reporter-output>
        </test-method> <!-- shouldAnswerWithTrue -->
      </class> <!-- com.testing.insure_me_selenium_testing.AppTest -->
    </test> <!-- Surefire test -->
  </suite> <!-- Surefire suite -->
</testng-results>
